
GET: /api/contacts | 16-05-2023_12:25:57
POST: /api/contacts | 16-05-2023_12:29:23
POST: /api/contacts | 16-05-2023_12:29:45
DELETE: /api/contacts/_q61p_PeBaZUd3VY7M2cP | 16-05-2023_12:30:28
PUT: /api/contacts/4S-6ZKbDwxIl8-uqXCs4m | 16-05-2023_12:33:10
GET: /api/contacts | 16-05-2023_01:28:38
GET: /api/contacts | 21-05-2023_11:23:07
GET: /api/contacts | 22-05-2023_04:59:13
POST: /api/contacts | 22-05-2023_05:12:39
POST: /api/contacts | 22-05-2023_05:13:45
POST: /api/contacts | 22-05-2023_05:16:29
POST: /api/contacts | 22-05-2023_05:16:42
POST: /api/contacts | 22-05-2023_05:17:48
POST: /api/contacts | 23-05-2023_02:59:43
POST: /api/contacts | 23-05-2023_03:00:42
POST: /api/contacts | 23-05-2023_03:03:49
POST: /api/contacts | 23-05-2023_03:06:41
GET: /api/contacts | 23-05-2023_03:07:09
POST: /api/contacts | 23-05-2023_03:07:20
POST: /api/contacts | 23-05-2023_03:07:47
POST: /api/contacts | 23-05-2023_03:08:08
POST: /api/contacts | 23-05-2023_03:17:46
POST: /api/contacts | 23-05-2023_03:20:10
POST: /api/contacts | 23-05-2023_03:31:53
POST: /api/contacts | 23-05-2023_03:33:03
POST: /api/contacts | 23-05-2023_03:39:51
POST: /api/contacts | 23-05-2023_03:41:10
POST: /api/contacts | 23-05-2023_04:15:38
POST: /api/contacts | 23-05-2023_04:16:21
POST: /api/contacts | 23-05-2023_04:16:37
POST: /api/contacts | 23-05-2023_04:30:05
POST: /api/contacts | 23-05-2023_04:30:19
POST: /api/contacts | 23-05-2023_04:32:42
POST: /api/contacts | 23-05-2023_04:46:24
POST: /api/contacts | 23-05-2023_04:47:11
POST: /api/contacts | 23-05-2023_04:51:46
GET: /api/contacts | 23-05-2023_04:51:58
POST: /api/contacts | 23-05-2023_04:57:38
GET: /api/contacts | 23-05-2023_05:00:09
GET: /api/contacts/646781cb230cc673b75373d0 | 23-05-2023_05:12:22
GET: /api/contacts/ | 23-05-2023_05:13:58
GET: /api/contacts/646781cb230cc673b75373d0 | 23-05-2023_05:14:56
GET: /api/contacts/:646781cb230cc673b75373d0 | 23-05-2023_05:19:10
GET: /api/contacts/646781cb230cc673b75373d0 | 23-05-2023_09:24:57
PUT: /api/contacts/646781cb230cc673b75373d0 | 23-05-2023_09:33:38
PUT: /api/contacts/646781cb230cc673b75373d0 | 23-05-2023_09:36:25
PUT: /api/contacts/646781cb230cc673b75373d0 | 23-05-2023_09:36:42
PUT: /api/contacts/646781cb230cc673b75373d0 | 23-05-2023_09:41:04
PUT: /api/contacts/646781cb230cc673b75373cf | 23-05-2023_09:44:41
GET: /api/contacts | 23-05-2023_09:45:54
PUT: /api/contacts/646781cb230cc673b75373cf | 23-05-2023_09:47:22
PUT: /api/contacts/646781cb230cc673b75373cf | 23-05-2023_09:52:44
PUT: /api/contacts/646781cb230cc673b75373cf | 23-05-2023_09:54:46
PUT: /api/contacts/646781cb230cc673b75373cf | 23-05-2023_09:55:50
PUT: /api/contacts/646781cb230cc673b75373cf | 23-05-2023_09:56:17
PUT: /api/contacts/646781cb230cc673b75373cf | 23-05-2023_09:56:36
PUT: /api/contacts/646781cb230cc673b75373cf | 23-05-2023_09:57:07
PUT: /api/contacts/646781cb230cc673b75373cf/favorite | 23-05-2023_11:01:09
PATCH: /api/contacts/646781cb230cc673b75373cf/favorite | 23-05-2023_11:10:15
DELETE: /api/contacts/646781cb230cc673b75373cf | 23-05-2023_11:14:07
DELETE: /api/contacts/646781cb230cc673b75373cf | 23-05-2023_11:14:14
DELETE: /api/contacts/646781cb230cc673b75373cf | 23-05-2023_11:15:28
DELETE: /api/contacts/646781cb230cc673b75373cf | 23-05-2023_11:16:02